<?xml version="1.0" encoding="utf-8"?><testsuites name="pytest tests"><testsuite name="pytest" errors="0" failures="0" skipped="0" tests="207" time="0.750" timestamp="2026-09-10T22:03:00.990483+00:00" hostname="localhost"><testcase classname="tests.test_background_and_localization" name="test_cutoff_outside_transition[-1.0]" time="0.018" /><testcase classname="tests.test_background_and_localization" name="test_cutoff_outside_transition[0.0]" time="0.000" /><testcase classname="tests.test_background_and_localization" name="test_cutoff_outside_transition[0.5]" time="0.000" /><testcase classname="tests.test_background_and_localization" name="test_cutoff_outside_transition[1.0]" time="0.000" /><testcase classname="tests.test_background_and_localization" name="test_cutoff_outside_transition[2.0]" time="0.000" /><testcase classname="tests.test_background_and_localization" name="test_cutoff_analytic_derivative[0.51]" time="0.000" /><testcase classname="tests.test_background_and_localization" name="test_cutoff_analytic_derivative[0.6]" time="0.000" /><testcase classname="tests.test_background_and_localization" name="test_cutoff_analytic_derivative[0.7]" time="0.000" /><testcase classname="tests.test_background_and_localization" name="test_cutoff_analytic_derivative[0.75]" time="0.000" /><testcase classname="tests.test_background_and_localization" name="test_cutoff_analytic_derivative[0.8]" time="0.000" /><testcase classname="tests.test_background_and_localization" name="test_cutoff_analytic_derivative[0.9]" time="0.000" /><testcase classname="tests.test_background_and_localization" name="test_cutoff_analytic_derivative[0.99]" time="0.000" /><testcase classname="tests.test_background_and_localization" name="test_cutoff_endpoints_flat_and_range" time="0.001" /><testcase classname="tests.test_background_and_localization" name="test_zeroth_background_is_leading_field" time="0.004" /><testcase classname="tests.test_background_and_localization" name="test_positive_order_analytic_curl_in_cutoff_transition[1]" time="0.001" /><testcase classname="tests.test_background_and_localization" name="test_positive_order_analytic_curl_in_cutoff_transition[2]" time="0.001" /><testcase classname="tests.test_background_and_localization" name="test_positive_order_analytic_curl_in_cutoff_transition[5]" time="0.001" /><testcase classname="tests.test_background_and_localization" name="test_coefficient_axis_and_validation" time="0.001" /><testcase classname="tests.test_background_and_localization" name="test_missing_pressure_rejected" time="0.000" /><testcase classname="tests.test_background_and_localization" name="test_localization_product_rule_and_divergence" time="0.001" /><testcase classname="tests.test_background_and_localization" name="test_generic_nonaxisymmetric_cutoff_is_not_incompressible" time="0.000" /><testcase classname="tests.test_cli_and_status" name="test_status_does_not_promote_toy_or_tests_to_complete" time="0.001" /><testcase classname="tests.test_cli_and_status" name="test_strict_gate_fails_closed[status]" time="0.001" /><testcase classname="tests.test_cli_and_status" name="test_strict_gate_fails_closed[verify]" time="0.003" /><testcase classname="tests.test_cli_and_status" name="test_verify_writes_reproducible_data_not_a_certificate" time="0.007" /><testcase classname="tests.test_cli_and_status" name="test_demo_export_label_shape_and_checksum" time="0.004" /><testcase classname="tests.test_cli_and_status" name="test_invalid_demo_requests_do_not_write[kwargs0]" time="0.001" /><testcase classname="tests.test_cli_and_status" name="test_invalid_demo_requests_do_not_write[kwargs1]" time="0.001" /><testcase classname="tests.test_cli_and_status" name="test_invalid_demo_requests_do_not_write[kwargs2]" time="0.001" /><testcase classname="tests.test_cli_and_status" name="test_invalid_demo_requests_do_not_write[kwargs3]" time="0.001" /><testcase classname="tests.test_cli_and_status" name="test_invalid_demo_requests_do_not_write[kwargs4]" time="0.001" /><testcase classname="tests.test_cli_and_status" name="test_invalid_demo_requests_do_not_write[kwargs5]" time="0.002" /><testcase classname="tests.test_cli_and_status" name="test_invalid_demo_requests_do_not_write[kwargs6]" time="0.001" /><testcase classname="tests.test_cli_and_status" name="test_module_entrypoint_subprocess" time="0.529" /><testcase classname="tests.test_cli_and_status" name="test_diagnostics_report_is_deterministic" time="0.005" /><testcase classname="tests.test_coordinates" name="test_similarity_identities" time="0.000" /><testcase classname="tests.test_coordinates" name="test_center_plane_has_q_equal_tau" time="0.000" /><testcase classname="tests.test_coordinates" name="test_singular_path_keeps_X_fixed" time="0.000" /><testcase classname="tests.test_forcing" name="test_solid_rotation_is_divergence_free" time="0.000" /><testcase classname="tests.test_forcing" name="test_reconstructed_force_matches_manufactured_solution" time="0.001" /><testcase classname="tests.test_forcing" name="test_forced_ns_closure_error_vanishes_for_exact_force" time="0.000" /><testcase classname="tests.test_independent_diagnostics" name="test_full_independent_forced_solution_all_four_terms" time="0.001" /><testcase classname="tests.test_independent_diagnostics" name="test_taylor_green_unforced_closure_and_second_order_convergence" time="0.001" /><testcase classname="tests.test_independent_diagnostics" name="test_time_domain_never_crosses_singularity" time="0.000" /><testcase classname="tests.test_independent_diagnostics" name="test_invalid_steps[0.0]" time="0.000" /><testcase classname="tests.test_independent_diagnostics" name="test_invalid_steps[-1.0]" time="0.000" /><testcase classname="tests.test_independent_diagnostics" name="test_invalid_steps[nan]" time="0.000" /><testcase classname="tests.test_independent_diagnostics" name="test_invalid_steps[inf]" time="0.000" /><testcase classname="tests.test_independent_diagnostics" name="test_domain_and_viscosity_validation" time="0.000" /><testcase classname="tests.test_independent_diagnostics" name="test_bad_field_shape_and_nonfinite[bad0]" time="0.000" /><testcase classname="tests.test_independent_diagnostics" name="test_bad_field_shape_and_nonfinite[bad1]" time="0.000" /><testcase classname="tests.test_independent_diagnostics" name="test_bad_field_shape_and_nonfinite[bad2]" time="0.000" /><testcase classname="tests.test_independent_diagnostics" name="test_cylindrical_energy_measure" time="0.009" /><testcase classname="tests.test_moments" name="test_scalar_quadratic_known_small_root" time="0.001" /><testcase classname="tests.test_moments" name="test_linear_system_has_no_smallness_requirement" time="0.001" /><testcase classname="tests.test_moments" name="test_nonsymmetric_bilinear_system_known_coefficients" time="0.001" /><testcase classname="tests.test_moments" name="test_zero_rhs_and_tiny_rhs" time="0.000" /><testcase classname="tests.test_moments" name="test_insufficient_smallness_is_not_silent_success" time="0.000" /><testcase classname="tests.test_moments" name="test_singular_matrix_rejected[B0]" time="0.000" /><testcase classname="tests.test_moments" name="test_singular_matrix_rejected[B1]" time="0.000" /><testcase classname="tests.test_moments" name="test_max_iterations_respected" time="0.000" /><testcase classname="tests.test_moments" name="test_bad_controls[kwargs0]" time="0.000" /><testcase classname="tests.test_moments" name="test_bad_controls[kwargs1]" time="0.000" /><testcase classname="tests.test_moments" name="test_bad_controls[kwargs2]" time="0.000" /><testcase classname="tests.test_moments" name="test_bad_controls[kwargs3]" time="0.001" /><testcase classname="tests.test_moments" name="test_bad_controls[kwargs4]" time="0.000" /><testcase classname="tests.test_moments" name="test_bad_controls[kwargs5]" time="0.000" /><testcase classname="tests.test_moments" name="test_bad_shapes_and_nonfinite" time="0.000" /><testcase classname="tests.test_moments" name="test_power_moment_matrix_normalization_and_symmetry" time="0.002" /><testcase classname="tests.test_moments" name="test_bad_moment_geometry[exps0-intervals0]" time="0.000" /><testcase classname="tests.test_moments" name="test_bad_moment_geometry[exps1-intervals1]" time="0.000" /><testcase classname="tests.test_moments" name="test_bad_moment_geometry[exps2-intervals2]" time="0.000" /><testcase classname="tests.test_moments" name="test_bad_moment_geometry[exps3-intervals3]" time="0.000" /><testcase classname="tests.test_moments" name="test_bad_moment_geometry[exps4-intervals4]" time="0.000" /><testcase classname="tests.test_moments" name="test_bad_moment_geometry[exps5-intervals5]" time="0.000" /><testcase classname="tests.test_numerical_robustness" name="test_scaled_root_known_solution[0.005-0.0-1e-240]" time="0.000" /><testcase classname="tests.test_numerical_robustness" name="test_scaled_root_known_solution[0.005-0.0-1e-80]" time="0.000" /><testcase classname="tests.test_numerical_robustness" name="test_scaled_root_known_solution[0.005-0.0-1e-14]" time="0.000" /><testcase classname="tests.test_numerical_robustness" name="test_scaled_root_known_solution[0.005-0.0-1e-06]" time="0.000" /><testcase classname="tests.test_numerical_robustness" name="test_scaled_root_known_solution[0.005-0.0-1.0]" time="0.000" /><testcase classname="tests.test_numerical_robustness" name="test_scaled_root_known_solution[0.005-0.0-1e+80]" time="0.000" /><testcase classname="tests.test_numerical_robustness" name="test_scaled_root_known_solution[0.005-0.2-1e-240]" time="0.000" /><testcase classname="tests.test_numerical_robustness" name="test_scaled_root_known_solution[0.005-0.2-1e-80]" time="0.000" /><testcase classname="tests.test_numerical_robustness" name="test_scaled_root_known_solution[0.005-0.2-1e-14]" time="0.000" /><testcase classname="tests.test_numerical_robustness" name="test_scaled_root_known_solution[0.005-0.2-1e-06]" time="0.000" /><testcase classname="tests.test_numerical_robustness" name="test_scaled_root_known_solution[0.005-0.2-1.0]" time="0.000" /><testcase classname="tests.test_numerical_robustness" name="test_scaled_root_known_solution[0.005-0.2-1e+80]" time="0.000" /><testcase classname="tests.test_numerical_robustness" name="test_scaled_root_known_solution[0.005-0.6-1e-240]" time="0.000" /><testcase classname="tests.test_numerical_robustness" name="test_scaled_root_known_solution[0.005-0.6-1e-80]" time="0.000" /><testcase classname="tests.test_numerical_robustness" name="test_scaled_root_known_solution[0.005-0.6-1e-14]" time="0.000" /><testcase classname="tests.test_numerical_robustness" name="test_scaled_root_known_solution[0.005-0.6-1e-06]" time="0.000" /><testcase classname="tests.test_numerical_robustness" name="test_scaled_root_known_solution[0.005-0.6-1.0]" time="0.000" /><testcase classname="tests.test_numerical_robustness" name="test_scaled_root_known_solution[0.005-0.6-1e+80]" time="0.001" /><testcase classname="tests.test_numerical_robustness" name="test_scaled_root_known_solution[0.005--0.99-1e-240]" time="0.000" /><testcase classname="tests.test_numerical_robustness" name="test_scaled_root_known_solution[0.005--0.99-1e-80]" time="0.000" /><testcase classname="tests.test_numerical_robustness" name="test_scaled_root_known_solution[0.005--0.99-1e-14]" time="0.000" /><testcase classname="tests.test_numerical_robustness" name="test_scaled_root_known_solution[0.005--0.99-1e-06]" time="0.000" /><testcase classname="tests.test_numerical_robustness" name="test_scaled_root_known_solution[0.005--0.99-1.0]" time="0.001" /><testcase classname="tests.test_numerical_robustness" name="test_scaled_root_known_solution[0.005--0.99-1e+80]" time="0.000" /><testcase classname="tests.test_numerical_robustness" name="test_scaled_root_known_solution[0.1-0.0-1e-240]" time="0.000" /><testcase classname="tests.test_numerical_robustness" name="test_scaled_root_known_solution[0.1-0.0-1e-80]" time="0.000" /><testcase classname="tests.test_numerical_robustness" name="test_scaled_root_known_solution[0.1-0.0-1e-14]" time="0.000" /><testcase classname="tests.test_numerical_robustness" name="test_scaled_root_known_solution[0.1-0.0-1e-06]" time="0.000" /><testcase classname="tests.test_numerical_robustness" name="test_scaled_root_known_solution[0.1-0.0-1.0]" time="0.000" /><testcase classname="tests.test_numerical_robustness" name="test_scaled_root_known_solution[0.1-0.0-1e+80]" time="0.000" /><testcase classname="tests.test_numerical_robustness" name="test_scaled_root_known_solution[0.1-0.2-1e-240]" time="0.000" /><testcase classname="tests.test_numerical_robustness" name="test_scaled_root_known_solution[0.1-0.2-1e-80]" time="0.000" /><testcase classname="tests.test_numerical_robustness" name="test_scaled_root_known_solution[0.1-0.2-1e-14]" time="0.000" /><testcase classname="tests.test_numerical_robustness" name="test_scaled_root_known_solution[0.1-0.2-1e-06]" time="0.000" /><testcase classname="tests.test_numerical_robustness" name="test_scaled_root_known_solution[0.1-0.2-1.0]" time="0.000" /><testcase classname="tests.test_numerical_robustness" name="test_scaled_root_known_solution[0.1-0.2-1e+80]" time="0.000" /><testcase classname="tests.test_numerical_robustness" name="test_scaled_root_known_solution[0.1-0.6-1e-240]" time="0.000" /><testcase classname="tests.test_numerical_robustness" name="test_scaled_root_known_solution[0.1-0.6-1e-80]" time="0.000" /><testcase classname="tests.test_numerical_robustness" name="test_scaled_root_known_solution[0.1-0.6-1e-14]" time="0.000" /><testcase classname="tests.test_numerical_robustness" name="test_scaled_root_known_solution[0.1-0.6-1e-06]" time="0.000" /><testcase classname="tests.test_numerical_robustness" name="test_scaled_root_known_solution[0.1-0.6-1.0]" time="0.000" /><testcase classname="tests.test_numerical_robustness" name="test_scaled_root_known_solution[0.1-0.6-1e+80]" time="0.000" /><testcase classname="tests.test_numerical_robustness" name="test_scaled_root_known_solution[0.1--0.99-1e-240]" time="0.000" /><testcase classname="tests.test_numerical_robustness" name="test_scaled_root_known_solution[0.1--0.99-1e-80]" time="0.000" /><testcase classname="tests.test_numerical_robustness" name="test_scaled_root_known_solution[0.1--0.99-1e-14]" time="0.000" /><testcase classname="tests.test_numerical_robustness" name="test_scaled_root_known_solution[0.1--0.99-1e-06]" time="0.000" /><testcase classname="tests.test_numerical_robustness" name="test_scaled_root_known_solution[0.1--0.99-1.0]" time="0.000" /><testcase classname="tests.test_numerical_robustness" name="test_scaled_root_known_solution[0.1--0.99-1e+80]" time="0.000" /><testcase classname="tests.test_numerical_robustness" name="test_scaled_root_known_solution[0.49-0.0-1e-240]" time="0.000" /><testcase classname="tests.test_numerical_robustness" name="test_scaled_root_known_solution[0.49-0.0-1e-80]" time="0.000" /><testcase classname="tests.test_numerical_robustness" name="test_scaled_root_known_solution[0.49-0.0-1e-14]" time="0.000" /><testcase classname="tests.test_numerical_robustness" name="test_scaled_root_known_solution[0.49-0.0-1e-06]" time="0.000" /><testcase classname="tests.test_numerical_robustness" name="test_scaled_root_known_solution[0.49-0.0-1.0]" time="0.000" /><testcase classname="tests.test_numerical_robustness" name="test_scaled_root_known_solution[0.49-0.0-1e+80]" time="0.000" /><testcase classname="tests.test_numerical_robustness" name="test_scaled_root_known_solution[0.49-0.2-1e-240]" time="0.000" /><testcase classname="tests.test_numerical_robustness" name="test_scaled_root_known_solution[0.49-0.2-1e-80]" time="0.000" /><testcase classname="tests.test_numerical_robustness" name="test_scaled_root_known_solution[0.49-0.2-1e-14]" time="0.000" /><testcase classname="tests.test_numerical_robustness" name="test_scaled_root_known_solution[0.49-0.2-1e-06]" time="0.000" /><testcase classname="tests.test_numerical_robustness" name="test_scaled_root_known_solution[0.49-0.2-1.0]" time="0.000" /><testcase classname="tests.test_numerical_robustness" name="test_scaled_root_known_solution[0.49-0.2-1e+80]" time="0.000" /><testcase classname="tests.test_numerical_robustness" name="test_scaled_root_known_solution[0.49-0.6-1e-240]" time="0.000" /><testcase classname="tests.test_numerical_robustness" name="test_scaled_root_known_solution[0.49-0.6-1e-80]" time="0.000" /><testcase classname="tests.test_numerical_robustness" name="test_scaled_root_known_solution[0.49-0.6-1e-14]" time="0.000" /><testcase classname="tests.test_numerical_robustness" name="test_scaled_root_known_solution[0.49-0.6-1e-06]" time="0.000" /><testcase classname="tests.test_numerical_robustness" name="test_scaled_root_known_solution[0.49-0.6-1.0]" time="0.000" /><testcase classname="tests.test_numerical_robustness" name="test_scaled_root_known_solution[0.49-0.6-1e+80]" time="0.000" /><testcase classname="tests.test_numerical_robustness" name="test_scaled_root_known_solution[0.49--0.99-1e-240]" time="0.000" /><testcase classname="tests.test_numerical_robustness" name="test_scaled_root_known_solution[0.49--0.99-1e-80]" time="0.000" /><testcase classname="tests.test_numerical_robustness" name="test_scaled_root_known_solution[0.49--0.99-1e-14]" time="0.000" /><testcase classname="tests.test_numerical_robustness" name="test_scaled_root_known_solution[0.49--0.99-1e-06]" time="0.000" /><testcase classname="tests.test_numerical_robustness" name="test_scaled_root_known_solution[0.49--0.99-1.0]" time="0.001" /><testcase classname="tests.test_numerical_robustness" name="test_scaled_root_known_solution[0.49--0.99-1e+80]" time="0.000" /><testcase classname="tests.test_numerical_robustness" name="test_old_near_singularity_bug" time="0.000" /><testcase classname="tests.test_numerical_robustness" name="test_tau_api_does_not_form_t" time="0.001" /><testcase classname="tests.test_numerical_robustness" name="test_d_keeps_information_near_eta_endpoint" time="0.000" /><testcase classname="tests.test_numerical_robustness" name="test_root_invalid_input[kwargs0]" time="0.000" /><testcase classname="tests.test_numerical_robustness" name="test_root_invalid_input[kwargs1]" time="0.000" /><testcase classname="tests.test_numerical_robustness" name="test_root_invalid_input[kwargs2]" time="0.000" /><testcase classname="tests.test_numerical_robustness" name="test_root_invalid_input[kwargs3]" time="0.000" /><testcase classname="tests.test_numerical_robustness" name="test_root_invalid_input[kwargs4]" time="0.000" /><testcase classname="tests.test_numerical_robustness" name="test_root_invalid_input[kwargs5]" time="0.000" /><testcase classname="tests.test_numerical_robustness" name="test_root_invalid_input[kwargs6]" time="0.000" /><testcase classname="tests.test_numerical_robustness" name="test_root_invalid_input[kwargs7]" time="0.000" /><testcase classname="tests.test_numerical_robustness" name="test_root_invalid_input[kwargs8]" time="0.000" /><testcase classname="tests.test_numerical_robustness" name="test_root_invalid_input[kwargs9]" time="0.000" /><testcase classname="tests.test_numerical_robustness" name="test_root_invalid_input[kwargs10]" time="0.000" /><testcase classname="tests.test_numerical_robustness" name="test_root_invalid_input[kwargs11]" time="0.000" /><testcase classname="tests.test_numerical_robustness" name="test_root_invalid_input[kwargs12]" time="0.000" /><testcase classname="tests.test_numerical_robustness" name="test_root_invalid_input[kwargs13]" time="0.000" /><testcase classname="tests.test_numerical_robustness" name="test_solver_reports_nonconvergence" time="0.000" /><testcase classname="tests.test_numerical_robustness" name="test_solver_reports_overflow" time="0.000" /><testcase classname="tests.test_numerical_robustness" name="test_invalid_time[1.0]" time="0.000" /><testcase classname="tests.test_numerical_robustness" name="test_invalid_time[2.0]" time="0.000" /><testcase classname="tests.test_numerical_robustness" name="test_invalid_time[nan]" time="0.000" /><testcase classname="tests.test_numerical_robustness" name="test_invalid_time[-inf]" time="0.000" /><testcase classname="tests.test_numerical_robustness" name="test_invalid_radius[-1]" time="0.000" /><testcase classname="tests.test_numerical_robustness" name="test_invalid_radius[nan]" time="0.000" /><testcase classname="tests.test_numerical_robustness" name="test_invalid_radius[inf]" time="0.000" /><testcase classname="tests.test_numerical_robustness" name="test_analytic_coordinate_derivatives" time="0.000" /><testcase classname="tests.test_numerical_robustness" name="test_weighted_profile_chain_rule" time="0.000" /><testcase classname="tests.test_numerical_robustness" name="test_gaussian_radial_average[0.0]" time="0.000" /><testcase classname="tests.test_numerical_robustness" name="test_gaussian_radial_average[1e-240]" time="0.000" /><testcase classname="tests.test_numerical_robustness" name="test_gaussian_radial_average[1e-12]" time="0.000" /><testcase classname="tests.test_numerical_robustness" name="test_gaussian_radial_average[0.1]" time="0.000" /><testcase classname="tests.test_numerical_robustness" name="test_gaussian_radial_average[1.0]" time="0.000" /><testcase classname="tests.test_numerical_robustness" name="test_gaussian_radial_average[10.0]" time="0.000" /><testcase classname="tests.test_numerical_robustness" name="test_quadrature_polynomial_and_readonly_cache" time="0.001" /><testcase classname="tests.test_numerical_robustness" name="test_invalid_quadrature_order[0]" time="0.000" /><testcase classname="tests.test_numerical_robustness" name="test_invalid_quadrature_order[1]" time="0.000" /><testcase classname="tests.test_numerical_robustness" name="test_invalid_quadrature_order[2.5]" time="0.000" /><testcase classname="tests.test_numerical_robustness" name="test_invalid_quadrature_order[True]" time="0.000" /><testcase classname="tests.test_numerical_robustness" name="test_invalid_quadrature_order[4096]" time="0.000" /><testcase classname="tests.test_numerical_robustness" name="test_regular_pressure_on_axis_and_radial_balance" time="0.000" /><testcase classname="tests.test_numerical_robustness" name="test_axis_limit_requires_profile_information" time="0.000" /><testcase classname="tests.test_numerical_robustness" name="test_nonzero_small_radius_is_not_forced_to_zero" time="0.000" /><testcase classname="tests.test_numerical_robustness" name="test_invalid_axis_profile_not_silently_hidden" time="0.000" /><testcase classname="tests.test_numerical_robustness" name="test_profile_cannot_claim_exact_without_provenance" time="0.000" /><testcase classname="tests.test_numerical_robustness" name="test_bad_loglog_samples[xs0-ys0]" time="0.000" /><testcase classname="tests.test_numerical_robustness" name="test_bad_loglog_samples[xs1-ys1]" time="0.000" /><testcase classname="tests.test_numerical_robustness" name="test_bad_loglog_samples[xs2-ys2]" time="0.000" /><testcase classname="tests.test_numerical_robustness" name="test_bad_loglog_samples[xs3-ys3]" time="0.000" /><testcase classname="tests.test_numerical_robustness" name="test_bad_loglog_samples[xs4-ys4]" time="0.000" /><testcase classname="tests.test_numerical_robustness" name="test_bad_loglog_samples[xs5-ys5]" time="0.000" /><testcase classname="tests.test_numerical_robustness" name="test_bad_loglog_samples[xs6-ys6]" time="0.000" /><testcase classname="tests.test_numerical_robustness" name="test_bad_loglog_samples[xs7-ys7]" time="0.000" /><testcase classname="tests.test_numerical_robustness" name="test_bad_loglog_samples[xs8-ys8]" time="0.000" /><testcase classname="tests.test_provenance_manifest" name="test_manifest_is_well_formed_and_source_pinned" time="0.000" /><testcase classname="tests.test_provenance_manifest" name="test_manifest_artifacts_exist_and_statuses_are_valid" time="0.000" /><testcase classname="tests.test_provenance_manifest" name="test_paper_exact_layers_have_no_recorded_blockers" time="0.000" /><testcase classname="tests.test_provenance_manifest" name="test_no_pending_layer_is_backed_by_claimed_runtime_artifacts" time="0.000" /><testcase classname="tests.test_velocity" name="test_cartesian_axis_is_finite" time="0.000" /><testcase classname="tests.test_velocity" name="test_probe_has_predicted_leading_exponent" time="0.001" /></testsuite></testsuites>